0 info it worked if it ends with ok
1 verbose cli [ '/usr/local/Cellar/node/7.2.1/bin/node',
1 verbose cli   '/usr/local/bin/npm',
1 verbose cli   'run',
1 verbose cli   'wn' ]
2 info using npm@3.10.9
3 info using node@v7.2.1
4 verbose run-script [ 'prewn', 'wn', 'postwn' ]
5 info lifecycle fidoandtiger@1.0.0~prewn: fidoandtiger@1.0.0
6 silly lifecycle fidoandtiger@1.0.0~prewn: no script for prewn, continuing
7 info lifecycle fidoandtiger@1.0.0~wn: fidoandtiger@1.0.0
8 verbose lifecycle fidoandtiger@1.0.0~wn: unsafe-perm in lifecycle true
9 verbose lifecycle fidoandtiger@1.0.0~wn: PATH: /usr/local/lib/node_modules/npm/bin/node-gyp-bin:/Users/alexlovell/Desktop/Sublime/Projects/fido-tiger/node_modules/.bin:/usr/local/Cellar/node/7.2.1/bin:/usr/local/bin:/usr/bin:/bin:/usr/sbin:/sbin:/Library/Frameworks/Mono.framework/Versions/Current/Commands
10 verbose lifecycle fidoandtiger@1.0.0~wn: CWD: /Users/alexlovell/Desktop/Sublime/Projects/fido-tiger
11 silly lifecycle fidoandtiger@1.0.0~wn: Args: [ '-c', 'webpack -w & nodemon server.js' ]
12 info lifecycle fidoandtiger@1.0.0~wn: Failed to exec wn script
13 verbose stack Error: fidoandtiger@1.0.0 wn: `webpack -w & nodemon server.js`
13 verbose stack spawn ENOENT
13 verbose stack     at ChildProcess.<anonymous> (/usr/local/lib/node_modules/npm/lib/utils/spawn.js:33:16)
13 verbose stack     at emitTwo (events.js:106:13)
13 verbose stack     at ChildProcess.emit (events.js:191:7)
13 verbose stack     at maybeClose (internal/child_process.js:885:16)
13 verbose stack     at Process.ChildProcess._handle.onexit (internal/child_process.js:226:5)
14 verbose pkgid fidoandtiger@1.0.0
15 verbose cwd /Users/alexlovell/Desktop/Sublime/Projects/fido-tiger
16 error Darwin 16.6.0
17 error argv "/usr/local/Cellar/node/7.2.1/bin/node" "/usr/local/bin/npm" "run" "wn"
18 error node v7.2.1
19 error npm  v3.10.9
20 error file sh
21 error code ELIFECYCLE
22 error errno ENOENT
23 error syscall spawn
24 error fidoandtiger@1.0.0 wn: `webpack -w & nodemon server.js`
24 error spawn ENOENT
25 error Failed at the fidoandtiger@1.0.0 wn script 'webpack -w & nodemon server.js'.
25 error Make sure you have the latest version of node.js and npm installed.
25 error If you do, this is most likely a problem with the fidoandtiger package,
25 error not with npm itself.
25 error Tell the author that this fails on your system:
25 error     webpack -w & nodemon server.js
25 error You can get information on how to open an issue for this project with:
25 error     npm bugs fidoandtiger
25 error Or if that isn't available, you can get their info via:
25 error     npm owner ls fidoandtiger
25 error There is likely additional logging output above.
26 verbose exit [ 1, true ]
